{"D:\\skylab\\bootcamp\\skylab-bootcamp-202104-bcn\\josep-suarez\\challenge\\toh-redux\\backend\\controller\\heroesController.js": {"path":"D:\\skylab\\bootcamp\\skylab-bootcamp-202104-bcn\\josep-suarez\\challenge\\toh-redux\\backend\\controller\\heroesController.js","statementMap":{"0":{"start":{"line":1,"column":14},"end":{"line":1,"column":57}},"1":{"start":{"line":2,"column":13},"end":{"line":2,"column":42}},"2":{"start":{"line":6,"column":4},"end":{"line":6,"column":41}},"3":{"start":{"line":7,"column":19},"end":{"line":7,"column":38}},"4":{"start":{"line":8,"column":4},"end":{"line":8,"column":21}},"5":{"start":{"line":11,"column":20},"end":{"line":11,"column":38}},"6":{"start":{"line":12,"column":4},"end":{"line":17,"column":5}},"7":{"start":{"line":13,"column":6},"end":{"line":13,"column":27}},"8":{"start":{"line":14,"column":6},"end":{"line":14,"column":24}},"9":{"start":{"line":16,"column":6},"end":{"line":16,"column":22}},"10":{"start":{"line":20,"column":4},"end":{"line":27,"column":5}},"11":{"start":{"line":21,"column":23},"end":{"line":23,"column":7}},"12":{"start":{"line":24,"column":6},"end":{"line":24,"column":25}},"13":{"start":{"line":26,"column":6},"end":{"line":26,"column":21}},"14":{"start":{"line":30,"column":2},"end":{"line":39,"column":3}},"15":{"start":{"line":31,"column":23},"end":{"line":35,"column":5}},"16":{"start":{"line":36,"column":4},"end":{"line":36,"column":25}},"17":{"start":{"line":38,"column":4},"end":{"line":38,"column":20}},"18":{"start":{"line":42,"column":4},"end":{"line":47,"column":5}},"19":{"start":{"line":43,"column":6},"end":{"line":43,"column":54}},"20":{"start":{"line":44,"column":6},"end":{"line":44,"column":17}},"21":{"start":{"line":46,"column":6},"end":{"line":46,"column":22}},"22":{"start":{"line":49,"column":2},"end":{"line":55,"column":4}},"23":{"start":{"line":57,"column":0},"end":{"line":57,"column":34}}},"fnMap":{"0":{"name":"heroesController","decl":{"start":{"line":4,"column":9},"end":{"line":4,"column":25}},"loc":{"start":{"line":4,"column":28},"end":{"line":56,"column":1}},"line":4},"1":{"name":"getAll","decl":{"start":{"line":5,"column":18},"end":{"line":5,"column":24}},"loc":{"start":{"line":5,"column":35},"end":{"line":9,"column":3}},"line":5},"2":{"name":"createOne","decl":{"start":{"line":10,"column":17},"end":{"line":10,"column":26}},"loc":{"start":{"line":10,"column":37},"end":{"line":18,"column":3}},"line":10},"3":{"name":"getById","decl":{"start":{"line":19,"column":17},"end":{"line":19,"column":24}},"loc":{"start":{"line":19,"column":35},"end":{"line":28,"column":3}},"line":19},"4":{"name":"updateById","decl":{"start":{"line":29,"column":17},"end":{"line":29,"column":27}},"loc":{"start":{"line":29,"column":38},"end":{"line":40,"column":3}},"line":29},"5":{"name":"deleteById","decl":{"start":{"line":41,"column":17},"end":{"line":41,"column":27}},"loc":{"start":{"line":41,"column":38},"end":{"line":48,"column":3}},"line":41}},"branchMap":{},"s":{"0":1,"1":1,"2":1,"3":1,"4":1,"5":2,"6":2,"7":2,"8":1,"9":1,"10":2,"11":2,"12":1,"13":1,"14":2,"15":2,"16":1,"17":1,"18":2,"19":2,"20":1,"21":1,"22":1,"23":1},"f":{"0":1,"1":1,"2":2,"3":2,"4":2,"5":2},"b":{},"_coverageSchema":"1a1c01bbd47fc00a2c39e90264f33305004495a9","hash":"3e3272ac5e7648b7a2d7bd9b60a08c7b5a2dc511"}
,"D:\\skylab\\bootcamp\\skylab-bootcamp-202104-bcn\\josep-suarez\\challenge\\toh-redux\\backend\\model\\heroModel.js": {"path":"D:\\skylab\\bootcamp\\skylab-bootcamp-202104-bcn\\josep-suarez\\challenge\\toh-redux\\backend\\model\\heroModel.js","statementMap":{"0":{"start":{"line":1,"column":17},"end":{"line":1,"column":36}},"1":{"start":{"line":3,"column":19},"end":{"line":5,"column":2}},"2":{"start":{"line":7,"column":0},"end":{"line":7,"column":54}}},"fnMap":{},"branchMap":{},"s":{"0":1,"1":1,"2":1},"f":{},"b":{},"_coverageSchema":"1a1c01bbd47fc00a2c39e90264f33305004495a9","hash":"093638ad0944cba9ad172316a7d14e3d206558c1"}
}
