TN:
SF:controller\heroesController.js
FN:4,heroesController
FN:5,getAll
FN:10,createOne
FN:19,getById
FN:29,updateById
FN:41,deleteById
FNF:6
FNH:6
FNDA:1,heroesController
FNDA:1,getAll
FNDA:2,createOne
FNDA:2,getById
FNDA:2,updateById
FNDA:2,deleteById
DA:1,1
DA:2,1
DA:6,1
DA:7,1
DA:8,1
DA:11,2
DA:12,2
DA:13,2
DA:14,1
DA:16,1
DA:20,2
DA:21,2
DA:24,1
DA:26,1
DA:30,2
DA:31,2
DA:36,1
DA:38,1
DA:42,2
DA:43,2
DA:44,1
DA:46,1
DA:49,1
DA:57,1
LF:24
LH:24
BRF:0
BRH:0
end_of_record
TN:
SF:model\heroModel.js
FNF:0
FNH:0
DA:1,1
DA:3,1
DA:7,1
LF:3
LH:3
BRF:0
BRH:0
end_of_record
